<?xml version="1.0" encoding="UTF-8"?>
<!-- Generated by org.testng.reporters.JUnitReportReporter -->
<testsuite hostname="LAPTOP-A221K0G3" failures="0" tests="1" name="TC001" time="7.289" errors="0" timestamp="2023-05-17T21:37:14 IST" skipped="0">
  <testcase classname="TC001" name="VerifyTheProductCount" time="7.289"/>
  <system-out>
the count is matched  </system-out>
</testsuite> <!-- TC001 -->
