<?xml version="1.0" encoding="UTF-8"?>
<!-- Generated by org.testng.reporters.JUnitReportReporter -->
<testsuite hostname="LAPTOP-A221K0G3" failures="0" tests="2" name="executeScriptInSameBrowser.GetCap" time="3.079" errors="0" timestamp="2023-07-30T20:00:56 IST" skipped="0">
  <testcase classname="executeScriptInSameBrowser.GetCap" name="run" time="1.006"/>
  <system-out/>
  <testcase classname="executeScriptInSameBrowser.GetCap" name="run1" time="2.073"/>
  <system-out/>
</testsuite> <!-- executeScriptInSameBrowser.GetCap -->
