<?xml version="1.0" encoding="UTF-8"?>
<!-- Generated by org.testng.reporters.JUnitReportReporter -->
<testsuite hostname="LAPTOP-A221K0G3" failures="0" tests="1" name="readCaptacha.Captacha" time="13.055" errors="0" timestamp="2023-05-08T22:25:41 IST" skipped="0">
  <testcase classname="readCaptacha.Captacha" name="readCaptacha" time="13.055"/>
  <system-out/>
</testsuite> <!-- readCaptacha.Captacha -->
